<?xml version="1.0" encoding="UTF-8"?>
<testsuite xmlns:xsi="http://www.w3.org/2001/XMLSchema-instance" xsi:noNamespaceSchemaLocation="https://maven.apache.org/surefire/maven-surefire-plugin/xsd/surefire-test-report-3.0.xsd" version="3.0" name="org.apache.hop.metastore.util.MetaStoreUtilTest" time="0.053" tests="8" errors="0" skipped="0" failures="0">
  <properties>
    <property name="sun.desktop" value="gnome"/>
    <property name="awt.toolkit" value="sun.awt.X11.XToolkit"/>
    <property name="java.specification.version" value="11"/>
    <property name="sun.cpu.isalist" value=""/>
    <property name="sun.jnu.encoding" value="UTF-8"/>
    <property name="java.class.path" value="/home/rafael/Documentos/hop/metastore/target/test-classes:/home/rafael/Documentos/hop/metastore/target/classes:/home/rafael/.m2/repository/commons-codec/commons-codec/1.5/commons-codec-1.5.jar:/home/rafael/.m2/repository/com/google/guava/guava/27.0-jre/guava-27.0-jre.jar:/home/rafael/.m2/repository/junit/junit/4.7/junit-4.7.jar:/home/rafael/.m2/repository/org/mockito/mockito-all/1.8.4/mockito-all-1.8.4.jar:/home/rafael/.m2/repository/commons-io/commons-io/2.1/commons-io-2.1.jar:"/>
    <property name="java.vm.vendor" value="JetBrains s.r.o"/>
    <property name="sun.arch.data.model" value="64"/>
    <property name="java.vendor.url" value="https://www.jetbrains.com/"/>
    <property name="user.timezone" value="Europe/Madrid"/>
    <property name="java.vm.specification.version" value="11"/>
    <property name="os.name" value="Linux"/>
    <property name="sun.java.launcher" value="SUN_STANDARD"/>
    <property name="user.country" value="ES"/>
    <property name="sun.boot.library.path" value="/home/rafael/Documentos/idea-IC-192.6817.14/jbr/lib"/>
    <property name="sun.java.command" value="/home/rafael/Documentos/hop/metastore/target/surefire/surefirebooter14075997453086532751.jar /home/rafael/Documentos/hop/metastore/target/surefire 2020-09-21T10-38-31_953-jvmRun1 surefire13908307005392488533tmp surefire_01844348321744654408tmp"/>
    <property name="jdk.debug" value="release"/>
    <property name="surefire.test.class.path" value="/home/rafael/Documentos/hop/metastore/target/test-classes:/home/rafael/Documentos/hop/metastore/target/classes:/home/rafael/.m2/repository/commons-codec/commons-codec/1.5/commons-codec-1.5.jar:/home/rafael/.m2/repository/com/google/guava/guava/27.0-jre/guava-27.0-jre.jar:/home/rafael/.m2/repository/junit/junit/4.7/junit-4.7.jar:/home/rafael/.m2/repository/org/mockito/mockito-all/1.8.4/mockito-all-1.8.4.jar:/home/rafael/.m2/repository/commons-io/commons-io/2.1/commons-io-2.1.jar:"/>
    <property name="sun.cpu.endian" value="little"/>
    <property name="user.home" value="/home/rafael"/>
    <property name="user.language" value="es"/>
    <property name="java.specification.vendor" value="Oracle Corporation"/>
    <property name="java.version.date" value="2019-07-16"/>
    <property name="java.home" value="/home/rafael/Documentos/idea-IC-192.6817.14/jbr"/>
    <property name="file.separator" value="/"/>
    <property name="basedir" value="/home/rafael/Documentos/hop/metastore"/>
    <property name="java.vm.compressedOopsMode" value="Zero based"/>
    <property name="line.separator" value="&#10;"/>
    <property name="idea.version2019.2.3" value="true"/>
    <property name="java.specification.name" value="Java Platform API Specification"/>
    <property name="java.vm.specification.vendor" value="Oracle Corporation"/>
    <property name="java.awt.graphicsenv" value="sun.awt.X11GraphicsEnvironment"/>
    <property name="surefire.real.class.path" value="/home/rafael/Documentos/hop/metastore/target/surefire/surefirebooter14075997453086532751.jar"/>
    <property name="sun.management.compiler" value="HotSpot 64-Bit Tiered Compilers"/>
    <property name="java.runtime.version" value="11.0.4+10-b304.69"/>
    <property name="user.name" value="rafael"/>
    <property name="path.separator" value=":"/>
    <property name="os.version" value="5.4.0-47-generic"/>
    <property name="java.runtime.name" value="OpenJDK Runtime Environment"/>
    <property name="file.encoding" value="UTF-8"/>
    <property name="java.vm.name" value="OpenJDK 64-Bit Server VM"/>
    <property name="localRepository" value="/home/rafael/.m2/repository"/>
    <property name="java.vendor.url.bug" value="https://youtrack.jetbrains.com"/>
    <property name="java.io.tmpdir" value="/tmp"/>
    <property name="java.version" value="11.0.4"/>
    <property name="user.dir" value="/home/rafael/Documentos/hop/metastore"/>
    <property name="os.arch" value="amd64"/>
    <property name="java.vm.specification.name" value="Java Virtual Machine Specification"/>
    <property name="java.awt.printerjob" value="sun.print.PSPrinterJob"/>
    <property name="sun.os.patch.level" value="unknown"/>
    <property name="java.library.path" value="/usr/java/packages/lib:/usr/lib64:/lib64:/lib:/usr/lib"/>
    <property name="java.vendor" value="JetBrains s.r.o"/>
    <property name="java.vm.info" value="mixed mode"/>
    <property name="java.vm.version" value="11.0.4+10-b304.69"/>
    <property name="sun.io.unicode.encoding" value="UnicodeLittle"/>
    <property name="java.class.version" value="55.0"/>
  </properties>
  <testcase name="testGetChildString" classname="org.apache.hop.metastore.util.MetaStoreUtilTest" time="0.014"/>
  <testcase name="testGetAttributeBoolean" classname="org.apache.hop.metastore.util.MetaStoreUtilTest" time="0.001"/>
  <testcase name="testGetElementNames" classname="org.apache.hop.metastore.util.MetaStoreUtilTest" time="0.002"/>
  <testcase name="testCopyElements_empty" classname="org.apache.hop.metastore.util.MetaStoreUtilTest" time="0.001"/>
  <testcase name="testCopy" classname="org.apache.hop.metastore.util.MetaStoreUtilTest" time="0.007"/>
  <testcase name="testCopy_existingElementType_overwriteFalse" classname="org.apache.hop.metastore.util.MetaStoreUtilTest" time="0.007"/>
  <testcase name="testCopy_existingElementType_overwriteTrue" classname="org.apache.hop.metastore.util.MetaStoreUtilTest" time="0.009"/>
  <testcase name="testCopy_existingElementTypeAndElement_overwriteTrue" classname="org.apache.hop.metastore.util.MetaStoreUtilTest" time="0.008"/>
</testsuite>