<?xml version="1.0" encoding="UTF-8"?>
<testsuite xmlns:xsi="http://www.w3.org/2001/XMLSchema-instance" xsi:noNamespaceSchemaLocation="https://maven.apache.org/surefire/maven-surefire-plugin/xsd/surefire-test-report-3.0.xsd" version="3.0" name="org.apache.hop.core.extension.ExtensionPointIntegrationTest" time="1.074" tests="2" errors="0" skipped="0" failures="0">
  <properties>
    <property name="sun.desktop" value="gnome"/>
    <property name="awt.toolkit" value="sun.awt.X11.XToolkit"/>
    <property name="file.encoding.pkg" value="sun.io"/>
    <property name="java.specification.version" value="1.8"/>
    <property name="sun.cpu.isalist" value=""/>
    <property name="sun.jnu.encoding" value="UTF-8"/>
    <property name="java.class.path" value="/home/rafael/Documentos/hop/core/target/test-classes:/home/rafael/Documentos/hop/core/target/classes:/home/rafael/.m2/repository/org/slf4j/slf4j-api/1.7.7/slf4j-api-1.7.7.jar:/home/rafael/.m2/repository/org/slf4j/slf4j-log4j12/1.7.7/slf4j-log4j12-1.7.7.jar:/home/rafael/.m2/repository/log4j/log4j/1.2.17/log4j-1.2.17.jar:/home/rafael/.m2/repository/commons-beanutils/commons-beanutils/1.9.4/commons-beanutils-1.9.4.jar:/home/rafael/.m2/repository/javax/xml/bind/jaxb-api/2.3.1/jaxb-api-2.3.1.jar:/home/rafael/.m2/repository/javax/activation/javax.activation-api/1.2.0/javax.activation-api-1.2.0.jar:/home/rafael/.m2/repository/commons-codec/commons-codec/1.10/commons-codec-1.10.jar:/home/rafael/.m2/repository/commons-logging/commons-logging/1.1.3/commons-logging-1.1.3.jar:/home/rafael/.m2/repository/com/google/guava/guava/27.0-jre/guava-27.0-jre.jar:/home/rafael/.m2/repository/org/owasp/encoder/encoder/1.2/encoder-1.2.jar:/home/rafael/.m2/repository/org/apache/xmlgraphics/batik-bridge/1.12/batik-bridge-1.12.jar:/home/rafael/.m2/repository/org/apache/xmlgraphics/batik-css/1.12/batik-css-1.12.jar:/home/rafael/.m2/repository/org/apache/xmlgraphics/batik-dom/1.12/batik-dom-1.12.jar:/home/rafael/.m2/repository/org/apache/xmlgraphics/batik-gvt/1.12/batik-gvt-1.12.jar:/home/rafael/.m2/repository/org/apache/xmlgraphics/batik-svg-dom/1.12/batik-svg-dom-1.12.jar:/home/rafael/.m2/repository/org/apache/xmlgraphics/batik-transcoder/1.12/batik-transcoder-1.12.jar:/home/rafael/.m2/repository/org/apache/xmlgraphics/batik-codec/1.12/batik-codec-1.12.jar:/home/rafael/.m2/repository/org/apache/xmlgraphics/batik-util/1.12/batik-util-1.12.jar:/home/rafael/.m2/repository/org/apache/xmlgraphics/batik-ext/1.12/batik-ext-1.12.jar:/home/rafael/.m2/repository/org/apache/xmlgraphics/batik-xml/1.12/batik-xml-1.12.jar:/home/rafael/.m2/repository/org/apache/xmlgraphics/batik-anim/1.12/batik-anim-1.12.jar:/home/rafael/.m2/repository/org/apache/xmlgraphics/batik-parser/1.12/batik-parser-1.12.jar:/home/rafael/.m2/repository/org/apache/xmlgraphics/batik-script/1.12/batik-script-1.12.jar:/home/rafael/.m2/repository/org/apache/xmlgraphics/batik-awt-util/1.12/batik-awt-util-1.12.jar:/home/rafael/.m2/repository/org/apache/xmlgraphics/batik-constants/1.12/batik-constants-1.12.jar:/home/rafael/.m2/repository/org/apache/xmlgraphics/batik-i18n/1.12/batik-i18n-1.12.jar:/home/rafael/.m2/repository/org/apache/xmlgraphics/batik-svggen/1.12/batik-svggen-1.12.jar:/home/rafael/.m2/repository/xml-apis/xml-apis-ext/1.3.04/xml-apis-ext-1.3.04.jar:/home/rafael/.m2/repository/commons-collections/commons-collections/3.2.2/commons-collections-3.2.2.jar:/home/rafael/.m2/repository/commons-lang/commons-lang/2.6/commons-lang-2.6.jar:/home/rafael/.m2/repository/org/apache/httpcomponents/httpclient/4.5.3/httpclient-4.5.3.jar:/home/rafael/.m2/repository/org/apache/httpcomponents/httpcore/4.4.6/httpcore-4.4.6.jar:/home/rafael/.m2/repository/org/apache/commons/commons-vfs2/2.4.1/commons-vfs2-2.4.1.jar:/home/rafael/.m2/repository/commons-io/commons-io/2.2/commons-io-2.2.jar:/home/rafael/.m2/repository/commons-dbcp/commons-dbcp/1.4/commons-dbcp-1.4.jar:/home/rafael/.m2/repository/commons-pool/commons-pool/1.5.7/commons-pool-1.5.7.jar:/home/rafael/.m2/repository/org/apache/commons/commons-compress/1.19/commons-compress-1.19.jar:/home/rafael/.m2/repository/org/dom4j/dom4j/2.1.3/dom4j-2.1.3.jar:/home/rafael/.m2/repository/org/eclipse/jetty/jetty-util/9.4.22.v20191022/jetty-util-9.4.22.v20191022.jar:/home/rafael/.m2/repository/jug-lgpl/jug-lgpl/2.0.0/jug-lgpl-2.0.0.jar:/home/rafael/.m2/repository/com/jcraft/jsch/0.1.54/jsch-0.1.54.jar:/home/rafael/.m2/repository/com/jcraft/jzlib/1.0.7/jzlib-1.0.7.jar:/home/rafael/.m2/repository/ognl/ognl/2.6.9/ognl-2.6.9.jar:/home/rafael/.m2/repository/net/sf/scannotation/scannotation/1.0.2/scannotation-1.0.2.jar:/home/rafael/.m2/repository/org/javassist/javassist/3.20.0-GA/javassist-3.20.0-GA.jar:/home/rafael/.m2/repository/org/codehaus/woodstox/woodstox-core-asl/4.4.1/woodstox-core-asl-4.4.1.jar:/home/rafael/.m2/repository/javax/xml/stream/stax-api/1.0-2/stax-api-1.0-2.jar:/home/rafael/.m2/repository/org/codehaus/woodstox/stax2-api/3.1.4/stax2-api-3.1.4.jar:/home/rafael/.m2/repository/org/hamcrest/java-hamcrest/2.0.0.0/java-hamcrest-2.0.0.0.jar:/home/rafael/.m2/repository/org/powermock/powermock-module-junit4/1.7.3/powermock-module-junit4-1.7.3.jar:/home/rafael/.m2/repository/org/powermock/powermock-module-junit4-common/1.7.3/powermock-module-junit4-common-1.7.3.jar:/home/rafael/.m2/repository/org/powermock/powermock-reflect/1.7.3/powermock-reflect-1.7.3.jar:/home/rafael/.m2/repository/org/powermock/powermock-core/1.7.3/powermock-core-1.7.3.jar:/home/rafael/.m2/repository/org/hamcrest/hamcrest-core/1.3/hamcrest-core-1.3.jar:/home/rafael/.m2/repository/org/powermock/powermock-api-mockito/1.7.3/powermock-api-mockito-1.7.3.jar:/home/rafael/.m2/repository/org/powermock/powermock-api-mockito-common/1.7.3/powermock-api-mockito-common-1.7.3.jar:/home/rafael/.m2/repository/org/powermock/powermock-api-support/1.7.3/powermock-api-support-1.7.3.jar:/home/rafael/.m2/repository/org/mockito/mockito-core/1.10.19/mockito-core-1.10.19.jar:/home/rafael/.m2/repository/org/objenesis/objenesis/2.1/objenesis-2.1.jar:/home/rafael/.m2/repository/org/springframework/spring-test/4.3.2.RELEASE/spring-test-4.3.2.RELEASE.jar:/home/rafael/.m2/repository/org/springframework/spring-core/4.3.2.RELEASE/spring-core-4.3.2.RELEASE.jar:/home/rafael/.m2/repository/xmlunit/xmlunit/1.5/xmlunit-1.5.jar:/home/rafael/.m2/repository/com/fasterxml/jackson/core/jackson-core/2.10.2/jackson-core-2.10.2.jar:/home/rafael/.m2/repository/com/fasterxml/jackson/core/jackson-databind/2.10.2/jackson-databind-2.10.2.jar:/home/rafael/.m2/repository/com/fasterxml/jackson/core/jackson-annotations/2.10.2/jackson-annotations-2.10.2.jar:/home/rafael/.m2/repository/xerces/xercesImpl/2.12.0/xercesImpl-2.12.0.jar:/home/rafael/.m2/repository/xml-apis/xml-apis/1.4.01/xml-apis-1.4.01.jar:/home/rafael/.m2/repository/com/googlecode/json-simple/json-simple/1.1.1/json-simple-1.1.1.jar:/home/rafael/.m2/repository/com/google/code/gson/gson/2.8.5/gson-2.8.5.jar:/home/rafael/.m2/repository/junit/junit/4.11/junit-4.11.jar:"/>
    <property name="java.vm.vendor" value="Oracle Corporation"/>
    <property name="sun.arch.data.model" value="64"/>
    <property name="java.vendor.url" value="http://java.oracle.com/"/>
    <property name="user.timezone" value="UTC"/>
    <property name="java.vm.specification.version" value="1.8"/>
    <property name="os.name" value="Linux"/>
    <property name="user.country" value="US"/>
    <property name="sun.java.launcher" value="SUN_STANDARD"/>
    <property name="sun.boot.library.path" value="/usr/lib/jvm/jdk1.8.0_231/jre/lib/amd64"/>
    <property name="sun.java.command" value="/home/rafael/Documentos/hop/core/target/surefire/surefirebooter7739074084861342655.jar /home/rafael/Documentos/hop/core/target/surefire 2020-09-21T13-08-34_589-jvmRun1 surefire8121164218804398490tmp surefire_08350671742980568404tmp"/>
    <property name="surefire.test.class.path" value="/home/rafael/Documentos/hop/core/target/test-classes:/home/rafael/Documentos/hop/core/target/classes:/home/rafael/.m2/repository/org/slf4j/slf4j-api/1.7.7/slf4j-api-1.7.7.jar:/home/rafael/.m2/repository/org/slf4j/slf4j-log4j12/1.7.7/slf4j-log4j12-1.7.7.jar:/home/rafael/.m2/repository/log4j/log4j/1.2.17/log4j-1.2.17.jar:/home/rafael/.m2/repository/commons-beanutils/commons-beanutils/1.9.4/commons-beanutils-1.9.4.jar:/home/rafael/.m2/repository/javax/xml/bind/jaxb-api/2.3.1/jaxb-api-2.3.1.jar:/home/rafael/.m2/repository/javax/activation/javax.activation-api/1.2.0/javax.activation-api-1.2.0.jar:/home/rafael/.m2/repository/commons-codec/commons-codec/1.10/commons-codec-1.10.jar:/home/rafael/.m2/repository/commons-logging/commons-logging/1.1.3/commons-logging-1.1.3.jar:/home/rafael/.m2/repository/com/google/guava/guava/27.0-jre/guava-27.0-jre.jar:/home/rafael/.m2/repository/org/owasp/encoder/encoder/1.2/encoder-1.2.jar:/home/rafael/.m2/repository/org/apache/xmlgraphics/batik-bridge/1.12/batik-bridge-1.12.jar:/home/rafael/.m2/repository/org/apache/xmlgraphics/batik-css/1.12/batik-css-1.12.jar:/home/rafael/.m2/repository/org/apache/xmlgraphics/batik-dom/1.12/batik-dom-1.12.jar:/home/rafael/.m2/repository/org/apache/xmlgraphics/batik-gvt/1.12/batik-gvt-1.12.jar:/home/rafael/.m2/repository/org/apache/xmlgraphics/batik-svg-dom/1.12/batik-svg-dom-1.12.jar:/home/rafael/.m2/repository/org/apache/xmlgraphics/batik-transcoder/1.12/batik-transcoder-1.12.jar:/home/rafael/.m2/repository/org/apache/xmlgraphics/batik-codec/1.12/batik-codec-1.12.jar:/home/rafael/.m2/repository/org/apache/xmlgraphics/batik-util/1.12/batik-util-1.12.jar:/home/rafael/.m2/repository/org/apache/xmlgraphics/batik-ext/1.12/batik-ext-1.12.jar:/home/rafael/.m2/repository/org/apache/xmlgraphics/batik-xml/1.12/batik-xml-1.12.jar:/home/rafael/.m2/repository/org/apache/xmlgraphics/batik-anim/1.12/batik-anim-1.12.jar:/home/rafael/.m2/repository/org/apache/xmlgraphics/batik-parser/1.12/batik-parser-1.12.jar:/home/rafael/.m2/repository/org/apache/xmlgraphics/batik-script/1.12/batik-script-1.12.jar:/home/rafael/.m2/repository/org/apache/xmlgraphics/batik-awt-util/1.12/batik-awt-util-1.12.jar:/home/rafael/.m2/repository/org/apache/xmlgraphics/batik-constants/1.12/batik-constants-1.12.jar:/home/rafael/.m2/repository/org/apache/xmlgraphics/batik-i18n/1.12/batik-i18n-1.12.jar:/home/rafael/.m2/repository/org/apache/xmlgraphics/batik-svggen/1.12/batik-svggen-1.12.jar:/home/rafael/.m2/repository/xml-apis/xml-apis-ext/1.3.04/xml-apis-ext-1.3.04.jar:/home/rafael/.m2/repository/commons-collections/commons-collections/3.2.2/commons-collections-3.2.2.jar:/home/rafael/.m2/repository/commons-lang/commons-lang/2.6/commons-lang-2.6.jar:/home/rafael/.m2/repository/org/apache/httpcomponents/httpclient/4.5.3/httpclient-4.5.3.jar:/home/rafael/.m2/repository/org/apache/httpcomponents/httpcore/4.4.6/httpcore-4.4.6.jar:/home/rafael/.m2/repository/org/apache/commons/commons-vfs2/2.4.1/commons-vfs2-2.4.1.jar:/home/rafael/.m2/repository/commons-io/commons-io/2.2/commons-io-2.2.jar:/home/rafael/.m2/repository/commons-dbcp/commons-dbcp/1.4/commons-dbcp-1.4.jar:/home/rafael/.m2/repository/commons-pool/commons-pool/1.5.7/commons-pool-1.5.7.jar:/home/rafael/.m2/repository/org/apache/commons/commons-compress/1.19/commons-compress-1.19.jar:/home/rafael/.m2/repository/org/dom4j/dom4j/2.1.3/dom4j-2.1.3.jar:/home/rafael/.m2/repository/org/eclipse/jetty/jetty-util/9.4.22.v20191022/jetty-util-9.4.22.v20191022.jar:/home/rafael/.m2/repository/jug-lgpl/jug-lgpl/2.0.0/jug-lgpl-2.0.0.jar:/home/rafael/.m2/repository/com/jcraft/jsch/0.1.54/jsch-0.1.54.jar:/home/rafael/.m2/repository/com/jcraft/jzlib/1.0.7/jzlib-1.0.7.jar:/home/rafael/.m2/repository/ognl/ognl/2.6.9/ognl-2.6.9.jar:/home/rafael/.m2/repository/net/sf/scannotation/scannotation/1.0.2/scannotation-1.0.2.jar:/home/rafael/.m2/repository/org/javassist/javassist/3.20.0-GA/javassist-3.20.0-GA.jar:/home/rafael/.m2/repository/org/codehaus/woodstox/woodstox-core-asl/4.4.1/woodstox-core-asl-4.4.1.jar:/home/rafael/.m2/repository/javax/xml/stream/stax-api/1.0-2/stax-api-1.0-2.jar:/home/rafael/.m2/repository/org/codehaus/woodstox/stax2-api/3.1.4/stax2-api-3.1.4.jar:/home/rafael/.m2/repository/org/hamcrest/java-hamcrest/2.0.0.0/java-hamcrest-2.0.0.0.jar:/home/rafael/.m2/repository/org/powermock/powermock-module-junit4/1.7.3/powermock-module-junit4-1.7.3.jar:/home/rafael/.m2/repository/org/powermock/powermock-module-junit4-common/1.7.3/powermock-module-junit4-common-1.7.3.jar:/home/rafael/.m2/repository/org/powermock/powermock-reflect/1.7.3/powermock-reflect-1.7.3.jar:/home/rafael/.m2/repository/org/powermock/powermock-core/1.7.3/powermock-core-1.7.3.jar:/home/rafael/.m2/repository/org/hamcrest/hamcrest-core/1.3/hamcrest-core-1.3.jar:/home/rafael/.m2/repository/org/powermock/powermock-api-mockito/1.7.3/powermock-api-mockito-1.7.3.jar:/home/rafael/.m2/repository/org/powermock/powermock-api-mockito-common/1.7.3/powermock-api-mockito-common-1.7.3.jar:/home/rafael/.m2/repository/org/powermock/powermock-api-support/1.7.3/powermock-api-support-1.7.3.jar:/home/rafael/.m2/repository/org/mockito/mockito-core/1.10.19/mockito-core-1.10.19.jar:/home/rafael/.m2/repository/org/objenesis/objenesis/2.1/objenesis-2.1.jar:/home/rafael/.m2/repository/org/springframework/spring-test/4.3.2.RELEASE/spring-test-4.3.2.RELEASE.jar:/home/rafael/.m2/repository/org/springframework/spring-core/4.3.2.RELEASE/spring-core-4.3.2.RELEASE.jar:/home/rafael/.m2/repository/xmlunit/xmlunit/1.5/xmlunit-1.5.jar:/home/rafael/.m2/repository/com/fasterxml/jackson/core/jackson-core/2.10.2/jackson-core-2.10.2.jar:/home/rafael/.m2/repository/com/fasterxml/jackson/core/jackson-databind/2.10.2/jackson-databind-2.10.2.jar:/home/rafael/.m2/repository/com/fasterxml/jackson/core/jackson-annotations/2.10.2/jackson-annotations-2.10.2.jar:/home/rafael/.m2/repository/xerces/xercesImpl/2.12.0/xercesImpl-2.12.0.jar:/home/rafael/.m2/repository/xml-apis/xml-apis/1.4.01/xml-apis-1.4.01.jar:/home/rafael/.m2/repository/com/googlecode/json-simple/json-simple/1.1.1/json-simple-1.1.1.jar:/home/rafael/.m2/repository/com/google/code/gson/gson/2.8.5/gson-2.8.5.jar:/home/rafael/.m2/repository/junit/junit/4.11/junit-4.11.jar:"/>
    <property name="sun.cpu.endian" value="little"/>
    <property name="user.home" value="/home/rafael"/>
    <property name="user.language" value="en"/>
    <property name="java.specification.vendor" value="Oracle Corporation"/>
    <property name="java.home" value="/usr/lib/jvm/jdk1.8.0_231/jre"/>
    <property name="basedir" value="/home/rafael/Documentos/hop/core"/>
    <property name="file.separator" value="/"/>
    <property name="line.separator" value="&#10;"/>
    <property name="java.vm.specification.vendor" value="Oracle Corporation"/>
    <property name="java.specification.name" value="Java Platform API Specification"/>
    <property name="java.awt.graphicsenv" value="sun.awt.X11GraphicsEnvironment"/>
    <property name="surefire.real.class.path" value="/home/rafael/Documentos/hop/core/target/surefire/surefirebooter7739074084861342655.jar:/home/rafael/.m2/repository/org/jacoco/org.jacoco.agent/0.8.1/org.jacoco.agent-0.8.1-runtime.jar"/>
    <property name="sun.boot.class.path" value="/usr/lib/jvm/jdk1.8.0_231/jre/lib/resources.jar:/usr/lib/jvm/jdk1.8.0_231/jre/lib/rt.jar:/usr/lib/jvm/jdk1.8.0_231/jre/lib/sunrsasign.jar:/usr/lib/jvm/jdk1.8.0_231/jre/lib/jsse.jar:/usr/lib/jvm/jdk1.8.0_231/jre/lib/jce.jar:/usr/lib/jvm/jdk1.8.0_231/jre/lib/charsets.jar:/usr/lib/jvm/jdk1.8.0_231/jre/lib/jfr.jar:/usr/lib/jvm/jdk1.8.0_231/jre/classes"/>
    <property name="sun.management.compiler" value="HotSpot 64-Bit Tiered Compilers"/>
    <property name="java.runtime.version" value="1.8.0_231-b11"/>
    <property name="user.name" value="rafael"/>
    <property name="path.separator" value=":"/>
    <property name="os.version" value="5.4.0-47-generic"/>
    <property name="java.endorsed.dirs" value="/usr/lib/jvm/jdk1.8.0_231/jre/lib/endorsed"/>
    <property name="java.runtime.name" value="Java(TM) SE Runtime Environment"/>
    <property name="file.encoding" value="UTF-8"/>
    <property name="java.vm.name" value="Java HotSpot(TM) 64-Bit Server VM"/>
    <property name="localRepository" value="/home/rafael/.m2/repository"/>
    <property name="java.vendor.url.bug" value="http://bugreport.sun.com/bugreport/"/>
    <property name="java.io.tmpdir" value="/tmp"/>
    <property name="java.version" value="1.8.0_231"/>
    <property name="user.dir" value="/home/rafael/Documentos/hop/core"/>
    <property name="os.arch" value="amd64"/>
    <property name="java.vm.specification.name" value="Java Virtual Machine Specification"/>
    <property name="java.awt.printerjob" value="sun.print.PSPrinterJob"/>
    <property name="sun.os.patch.level" value="unknown"/>
    <property name="java.library.path" value="/usr/java/packages/lib/amd64:/usr/lib64:/lib64:/lib:/usr/lib"/>
    <property name="java.vm.info" value="mixed mode"/>
    <property name="java.vendor" value="Oracle Corporation"/>
    <property name="java.vm.version" value="25.231-b11"/>
    <property name="java.ext.dirs" value="/usr/lib/jvm/jdk1.8.0_231/jre/lib/ext:/usr/java/packages/lib/ext"/>
    <property name="sun.io.unicode.encoding" value="UnicodeLittle"/>
    <property name="java.class.version" value="52.0"/>
  </properties>
  <testcase name="test" classname="org.apache.hop.core.extension.ExtensionPointIntegrationTest" time="0.038"/>
  <testcase name="testExtensionPointMapConcurrency" classname="org.apache.hop.core.extension.ExtensionPointIntegrationTest" time="0.926"/>
</testsuite>